2025-06-13T22:36:49.336+07:00  INFO 3840 --- [minhductran] [main] c.m.t.m.MinhductranApplication           : Starting MinhductranApplication using Java 24 with PID 3840 (D:\minhductran\target\classes started by admin in D:\minhductran)
2025-06-13T22:36:49.338+07:00  INFO 3840 --- [minhductran] [main] c.m.t.m.MinhductranApplication           : No active profile set, falling back to 1 default profile: "default"
2025-06-13T22:36:49.850+07:00  INFO 3840 --- [minhductran] [main] .s.d.r.c.RepositoryConfigurationDelegate : Bootstrapping Spring Data JPA repositories in DEFAULT mode.
2025-06-13T22:36:49.900+07:00  INFO 3840 --- [minhductran] [main] .s.d.r.c.RepositoryConfigurationDelegate : Finished Spring Data repository scanning in 44 ms. Found 1 JPA repository interface.
2025-06-13T22:36:50.383+07:00  INFO 3840 --- [minhductran] [main] o.s.b.w.embedded.tomcat.TomcatWebServer  : Tomcat initialized with port 8080 (http)
2025-06-13T22:36:50.397+07:00  INFO 3840 --- [minhductran] [main] o.apache.catalina.core.StandardService   : Starting service [Tomcat]
2025-06-13T22:36:50.398+07:00  INFO 3840 --- [minhductran] [main] o.apache.catalina.core.StandardEngine    : Starting Servlet engine: [Apache Tomcat/10.1.41]
2025-06-13T22:36:50.455+07:00  INFO 3840 --- [minhductran] [main] o.a.c.c.C.[Tomcat].[localhost].[/]       : Initializing Spring embedded WebApplicationContext
2025-06-13T22:36:50.455+07:00  INFO 3840 --- [minhductran] [main] w.s.c.ServletWebServerApplicationContext : Root WebApplicationContext: initialization completed in 1072 ms
2025-06-13T22:36:50.587+07:00  INFO 3840 --- [minhductran] [main] o.hibernate.jpa.internal.util.LogHelper  : HHH000204: Processing PersistenceUnitInfo [name: default]
2025-06-13T22:36:50.654+07:00  INFO 3840 --- [minhductran] [main] org.hibernate.Version                    : HHH000412: Hibernate ORM core version 6.6.15.Final
2025-06-13T22:36:50.687+07:00  INFO 3840 --- [minhductran] [main] o.h.c.internal.RegionFactoryInitiator    : HHH000026: Second-level cache disabled
2025-06-13T22:36:50.939+07:00  INFO 3840 --- [minhductran] [main] o.s.o.j.p.SpringPersistenceUnitInfo      : No LoadTimeWeaver setup: ignoring JPA class transformer
2025-06-13T22:36:50.972+07:00  INFO 3840 --- [minhductran] [main] com.zaxxer.hikari.HikariDataSource       : HikariPool-1 - Starting...
2025-06-13T22:36:51.408+07:00  INFO 3840 --- [minhductran] [main] com.zaxxer.hikari.pool.HikariPool        : HikariPool-1 - Added connection com.mysql.cj.jdbc.ConnectionImpl@731db93f
2025-06-13T22:36:51.410+07:00  INFO 3840 --- [minhductran] [main] com.zaxxer.hikari.HikariDataSource       : HikariPool-1 - Start completed.
2025-06-13T22:36:51.499+07:00  INFO 3840 --- [minhductran] [main] org.hibernate.orm.connections.pooling    : HHH10001005: Database info:
	Database JDBC URL [Connecting through datasource 'HikariDataSource (HikariPool-1)']
	Database driver: undefined/unknown
	Database version: 8.0.34
	Autocommit mode: undefined/unknown
	Isolation level: undefined/unknown
	Minimum pool size: undefined/unknown
	Maximum pool size: undefined/unknown
2025-06-13T22:36:52.216+07:00  INFO 3840 --- [minhductran] [main] o.h.e.t.j.p.i.JtaPlatformInitiator       : HHH000489: No JTA platform available (set 'hibernate.transaction.jta.platform' to enable JTA platform integration)
2025-06-13T22:36:52.282+07:00  INFO 3840 --- [minhductran] [main] j.LocalContainerEntityManagerFactoryBean : Initialized JPA EntityManagerFactory for persistence unit 'default'
2025-06-13T22:36:52.554+07:00  WARN 3840 --- [minhductran] [main] JpaBaseConfiguration$JpaWebConfiguration : spring.jpa.open-in-view is enabled by default. Therefore, database queries may be performed during view rendering. Explicitly configure spring.jpa.open-in-view to disable this warning
2025-06-13T22:36:52.819+07:00  INFO 3840 --- [minhductran] [main] o.s.b.w.embedded.tomcat.TomcatWebServer  : Tomcat started on port 8080 (http) with context path '/'
2025-06-13T22:36:52.824+07:00  INFO 3840 --- [minhductran] [main] c.m.t.m.MinhductranApplication           : Started MinhductranApplication in 3.906 seconds (process running for 4.204)
2025-06-13T22:42:57.404+07:00  INFO 3840 --- [minhductran] [SpringApplicationShutdownHook] o.s.b.w.e.tomcat.GracefulShutdown        : Commencing graceful shutdown. Waiting for active requests to complete
2025-06-13T22:42:57.448+07:00  INFO 3840 --- [minhductran] [tomcat-shutdown] o.s.b.w.e.tomcat.GracefulShutdown        : Graceful shutdown complete
2025-06-13T22:42:57.471+07:00  INFO 3840 --- [minhductran] [SpringApplicationShutdownHook] j.LocalContainerEntityManagerFactoryBean : Closing JPA EntityManagerFactory for persistence unit 'default'
2025-06-13T22:42:57.497+07:00  INFO 3840 --- [minhductran] [SpringApplicationShutdownHook] com.zaxxer.hikari.HikariDataSource       : HikariPool-1 - Shutdown initiated...
2025-06-13T22:42:57.519+07:00  INFO 3840 --- [minhductran] [SpringApplicationShutdownHook] com.zaxxer.hikari.HikariDataSource       : HikariPool-1 - Shutdown completed.
